
2015-01-22 10:41:09
[DEBUG]-[Thread: main]-[com.ycc.core.jfinal.ext.MyAutoBindRoutes.config()]: routes.add(/appServer, com.ycc.business.ektappserver.control.AppServerController)

2015-01-22 10:41:09
[DEBUG]-[Thread: main]-[com.ycc.core.jfinal.ext.MyAutoBindRoutes.config()]: routes.add(/api, com.jfinal.weixin.demo.WeixinApiController)

2015-01-22 10:41:09
[DEBUG]-[Thread: main]-[com.ycc.core.jfinal.ext.MyAutoBindRoutes.config()]: routes.add(/msg, com.jfinal.weixin.demo.WeixinMsgController)

2015-01-22 10:41:09
[DEBUG]-[Thread: main]-[com.ycc.core.myspringioc.MyApplicatocContext.<init>()]: begin scan ,scanBase:

2015-01-22 10:41:09
[DEBUG]-[Thread: main]-[com.ycc.core.myspringioc.MyApplicatocContext.<init>()]: end scan ,scanBase:

2015-01-22 10:41:21
[DEBUG]-[Thread: qtp810008251-47]-[com.ycc.core.jfinal.common.JsonLogRender.render()]: key:/appServer/login; use:235ms
 param:{"password":"123456","username":"15071438685"}
 response:{"port":"6379","zipurl":"http://chat.9onlylove.com/mgr/website/1/web.zip","pwd":"123456","userGroup":[{"filecrc":null,"createtime":"2014-08-05 10:08:55","id":965977,"taskstate":0,"state":0,"mark":"1","groupname":"啊哈哈","cityname":"武汉","uuid":"ead81a2d-0609-4dcb-b9d0-0cb735ed1829","photo":""}],"userInfo":{"handphone":"15071438685","sex":0,"recode":"4590","nickname":"廖聪c","islimit":0,"password":"e10adc3949ba59abbe56e057f20f883e","photo":"m15","filecrc":"4044170123","id":1,"createtime":"2014-03-27 05:12:31","balance":1333,"password$TCC":"test","username":"15071438685","isanswer":null,"level":0,"sitestate":0,"logintime":"2015-01-22 10:40:47","address":"y","email":"51@hd.com","token":"cf0d4b74-be24-45ce-823b-14049942d377","thisIndex":0,"preIndex":0,"username$TCC":"test","loginstate":2},"redisIP":"115.29.227.147","msg":"success","zipcrc32":"1C8F1671"}


2015-01-22 10:41:21
[DEBUG]-[Thread: qtp810008251-53]-[com.ycc.core.jfinal.common.JsonLogRender.render()]: key:/appServer/uploadlog; use:31ms
 param:{}
 response:{"msg":"success"}


2015-01-22 10:41:21
[DEBUG]-[Thread: qtp810008251-49]-[com.ycc.core.jfinal.common.JsonLogRender.render()]: key:/appServer/loginEx; use:16ms
 param:{"uid":"1"}
 response:{"groupMsgModal":[{"id":1,"content":"{cusname}{sex}你好，我们的楼盘{prjname}比较符合您的需求。请点击链接在线看房 {url} 您的专属顾问{username}。","createtime":"2014-10-16 11:27:40","usergroupID":965977,"state":0,"type":1},{"id":2,"content":"感谢您关注我们{prjname}项目，你可以点击 {url} 查看我们项目更多信息","createtime":"2014-10-20 16:54:35","usergroupID":965977,"state":0,"type":2},{"id":25,"content":"{cusname}{sex}您好，我是刚刚给你打电话的{nickname}","createtime":"2014-12-03 09:57:56","usergroupID":965977,"state":0,"type":3}],"groupProject":[{"createTime":"2014-10-16 11:22:51","scale":"0","mobileNO":"15071438685","street":"1","state":0,"password":"d8578edf8458ce06fbc5bb76a58c5ca4","city":"1","industrySec":1,"id":1,"usergroupID":965977,"username":"15071438685","area":"1","address":"慧谷时空","province":"1","industry":1,"projectName":"测试1"}],"msg":"success","tempUserGroup":[{"id":269939,"userinfoID":1,"usergroupID":965977,"isanswer":0,"state":0,"role":0}]}

