
2015-01-21 10:01:35
[ERROR]-[Thread: qtp1053255815-50]-[com.jfinal.core.ActionHandler.handle()]: /appServer/uploadlog
net.sf.json.JSONException: A JSONObject text must begin with '{' at character 1 of --jp1oUAOKKVY_hFiYTbE15tjfDvV1tF
Content-Disposition: form-data; name="uid"

1
--jp1oUAOKKVY_hFiYTbE15tjfDvV1tF
Content-Disposition: form-data; name="logfile"; filename="1.log"
Content-Type: application/octet-stream
Content-Transfer-Encoding: binary

2015-01-21 10:03:21,642 - [ERROR::com.andrew.lu.api.HttpApi::com.andrew.lu.api.HttpApi] - upload log

--jp1oUAOKKVY_hFiYTbE15tjfDvV1tF--
	at net.sf.json.util.JSONTokener.syntaxError(JSONTokener.java:499)
	at net.sf.json.JSONObject._fromJSONTokener(JSONObject.java:972)
	at net.sf.json.JSONObject._fromString(JSONObject.java:1201)
	at net.sf.json.JSONObject.fromObject(JSONObject.java:165)
	at com.ycc.core.util.json.JsonUtil.getMapFromJsonString(JsonUtil.java:59)
	at com.ycc.business.ektappserver.interceptor.AppServerInterceptor.initParam(AppServerInterceptor.java:32)
	at com.ycc.business.ektappserver.interceptor.AppServerInterceptor.intercept(AppServerInterceptor.java:44)
	at com.jfinal.aop.ActionInvocationWrapper.invoke(ActionInvocationWrapper.java:43)
	at com.jfinal.aop.InterceptorStack.intercept(InterceptorStack.java:56)
	at com.jfinal.core.ActionInvocation.invoke(ActionInvocation.java:51)
	at com.jfinal.aop.ActionInvocationWrapper.invoke(ActionInvocationWrapper.java:45)
	at com.ycc.core.myspringioc.MyIocInterceptor.intercept(MyIocInterceptor.java:31)
	at com.jfinal.aop.ActionInvocationWrapper.invoke(ActionInvocationWrapper.java:43)
	at com.ycc.core.jfinal.common.CommonInterceptor.intercept(CommonInterceptor.java:21)
	at com.jfinal.aop.ActionInvocationWrapper.invoke(ActionInvocationWrapper.java:43)
	at com.jfinal.aop.InterceptorStack.intercept(InterceptorStack.java:56)
	at com.jfinal.core.ActionInvocation.invoke(ActionInvocation.java:51)
	at com.jfinal.core.ActionHandler.handle(ActionHandler.java:77)
	at com.jfinal.core.JFinalFilter.doFilter(JFinalFilter.java:72)
	at org.eclipse.jetty.servlet.ServletHandler$CachedChain.doFilter(ServletHandler.java:1307)
	at com.alibaba.druid.support.http.WebStatFilter.doFilter(WebStatFilter.java:124)
	at org.eclipse.jetty.servlet.ServletHandler$CachedChain.doFilter(ServletHandler.java:1307)
	at org.eclipse.jetty.servlet.ServletHandler.doHandle(ServletHandler.java:453)
	at org.eclipse.jetty.server.handler.ScopedHandler.handle(ScopedHandler.java:137)
	at org.eclipse.jetty.security.SecurityHandler.handle(SecurityHandler.java:560)
	at org.eclipse.jetty.server.session.SessionHandler.doHandle(SessionHandler.java:231)
	at org.eclipse.jetty.server.handler.ContextHandler.doHandle(ContextHandler.java:1072)
	at org.eclipse.jetty.servlet.ServletHandler.doScope(ServletHandler.java:382)
	at org.eclipse.jetty.server.session.SessionHandler.doScope(SessionHandler.java:193)
	at org.eclipse.jetty.server.handler.ContextHandler.doScope(ContextHandler.java:1006)
	at org.eclipse.jetty.server.handler.ScopedHandler.handle(ScopedHandler.java:135)
	at org.eclipse.jetty.server.handler.HandlerWrapper.handle(HandlerWrapper.java:116)
	at org.eclipse.jetty.server.Server.handle(Server.java:365)
	at org.eclipse.jetty.server.AbstractHttpConnection.handleRequest(AbstractHttpConnection.java:485)
	at org.eclipse.jetty.server.AbstractHttpConnection.content(AbstractHttpConnection.java:937)
	at org.eclipse.jetty.server.AbstractHttpConnection$RequestHandler.content(AbstractHttpConnection.java:998)
	at org.eclipse.jetty.http.HttpParser.parseNext(HttpParser.java:856)
	at org.eclipse.jetty.http.HttpParser.parseAvailable(HttpParser.java:240)
	at org.eclipse.jetty.server.AsyncHttpConnection.handle(AsyncHttpConnection.java:82)
	at org.eclipse.jetty.io.nio.SelectChannelEndPoint.handle(SelectChannelEndPoint.java:628)
	at org.eclipse.jetty.io.nio.SelectChannelEndPoint$1.run(SelectChannelEndPoint.java:52)
	at org.eclipse.jetty.util.thread.QueuedThreadPool.runJob(QueuedThreadPool.java:608)
	at org.eclipse.jetty.util.thread.QueuedThreadPool$3.run(QueuedThreadPool.java:543)
	at java.lang.Thread.run(Thread.java:745)

2015-01-21 10:05:41
[ERROR]-[Thread: qtp1053255815-53]-[com.jfinal.core.ActionHandler.handle()]: /appServer/uploadlog
net.sf.json.JSONException: A JSONObject text must begin with '{' at character 1 of --W-FYq5tTBFtsz9EAs8K4oM8RZ5a1sd
Content-Disposition: form-data; name="uid"

1
--W-FYq5tTBFtsz9EAs8K4oM8RZ5a1sd
Content-Disposition: form-data; name="logfile"; filename="1.log"
Content-Type: application/octet-stream
Content-Transfer-Encoding: binary

2015-01-21 10:03:21,642 - [ERROR::com.andrew.lu.api.HttpApi::com.andrew.lu.api.HttpApi] - upload log
2015-01-21 10:05:12,017 - [ERROR::com.andrew.lu.api.HttpApi::com.andrew.lu.api.HttpApi] - upload log

--W-FYq5tTBFtsz9EAs8K4oM8RZ5a1sd--
	at net.sf.json.util.JSONTokener.syntaxError(JSONTokener.java:499)
	at net.sf.json.JSONObject._fromJSONTokener(JSONObject.java:972)
	at net.sf.json.JSONObject._fromString(JSONObject.java:1201)
	at net.sf.json.JSONObject.fromObject(JSONObject.java:165)
	at com.ycc.core.util.json.JsonUtil.getMapFromJsonString(JsonUtil.java:59)
	at com.ycc.business.ektappserver.interceptor.AppServerInterceptor.initParam(AppServerInterceptor.java:32)
	at com.ycc.business.ektappserver.interceptor.AppServerInterceptor.intercept(AppServerInterceptor.java:44)
	at com.jfinal.aop.ActionInvocationWrapper.invoke(ActionInvocationWrapper.java:43)
	at com.jfinal.aop.InterceptorStack.intercept(InterceptorStack.java:56)
	at com.jfinal.core.ActionInvocation.invoke(ActionInvocation.java:51)
	at com.jfinal.aop.ActionInvocationWrapper.invoke(ActionInvocationWrapper.java:45)
	at com.ycc.core.myspringioc.MyIocInterceptor.intercept(MyIocInterceptor.java:31)
	at com.jfinal.aop.ActionInvocationWrapper.invoke(ActionInvocationWrapper.java:43)
	at com.ycc.core.jfinal.common.CommonInterceptor.intercept(CommonInterceptor.java:21)
	at com.jfinal.aop.ActionInvocationWrapper.invoke(ActionInvocationWrapper.java:43)
	at com.jfinal.aop.InterceptorStack.intercept(InterceptorStack.java:56)
	at com.jfinal.core.ActionInvocation.invoke(ActionInvocation.java:51)
	at com.jfinal.core.ActionHandler.handle(ActionHandler.java:77)
	at com.jfinal.core.JFinalFilter.doFilter(JFinalFilter.java:72)
	at org.eclipse.jetty.servlet.ServletHandler$CachedChain.doFilter(ServletHandler.java:1307)
	at com.alibaba.druid.support.http.WebStatFilter.doFilter(WebStatFilter.java:124)
	at org.eclipse.jetty.servlet.ServletHandler$CachedChain.doFilter(ServletHandler.java:1307)
	at org.eclipse.jetty.servlet.ServletHandler.doHandle(ServletHandler.java:453)
	at org.eclipse.jetty.server.handler.ScopedHandler.handle(ScopedHandler.java:137)
	at org.eclipse.jetty.security.SecurityHandler.handle(SecurityHandler.java:560)
	at org.eclipse.jetty.server.session.SessionHandler.doHandle(SessionHandler.java:231)
	at org.eclipse.jetty.server.handler.ContextHandler.doHandle(ContextHandler.java:1072)
	at org.eclipse.jetty.servlet.ServletHandler.doScope(ServletHandler.java:382)
	at org.eclipse.jetty.server.session.SessionHandler.doScope(SessionHandler.java:193)
	at org.eclipse.jetty.server.handler.ContextHandler.doScope(ContextHandler.java:1006)
	at org.eclipse.jetty.server.handler.ScopedHandler.handle(ScopedHandler.java:135)
	at org.eclipse.jetty.server.handler.HandlerWrapper.handle(HandlerWrapper.java:116)
	at org.eclipse.jetty.server.Server.handle(Server.java:365)
	at org.eclipse.jetty.server.AbstractHttpConnection.handleRequest(AbstractHttpConnection.java:485)
	at org.eclipse.jetty.server.AbstractHttpConnection.content(AbstractHttpConnection.java:937)
	at org.eclipse.jetty.server.AbstractHttpConnection$RequestHandler.content(AbstractHttpConnection.java:998)
	at org.eclipse.jetty.http.HttpParser.parseNext(HttpParser.java:856)
	at org.eclipse.jetty.http.HttpParser.parseAvailable(HttpParser.java:240)
	at org.eclipse.jetty.server.AsyncHttpConnection.handle(AsyncHttpConnection.java:82)
	at org.eclipse.jetty.io.nio.SelectChannelEndPoint.handle(SelectChannelEndPoint.java:628)
	at org.eclipse.jetty.io.nio.SelectChannelEndPoint$1.run(SelectChannelEndPoint.java:52)
	at org.eclipse.jetty.util.thread.QueuedThreadPool.runJob(QueuedThreadPool.java:608)
	at org.eclipse.jetty.util.thread.QueuedThreadPool$3.run(QueuedThreadPool.java:543)
	at java.lang.Thread.run(Thread.java:745)

2015-01-21 10:07:24
[ERROR]-[Thread: qtp1053255815-57]-[com.jfinal.core.ActionHandler.handle()]: /appServer/uploadlog
net.sf.json.JSONException: A JSONObject text must begin with '{' at character 1 of --29sQlZexZaumLDumpvOGDgEGG969E3
Content-Disposition: form-data; name="uid"

1
--29sQlZexZaumLDumpvOGDgEGG969E3
Content-Disposition: form-data; name="logfile"; filename="1.log"
Content-Type: application/octet-stream
Content-Transfer-Encoding: binary

2015-01-21 10:03:21,642 - [ERROR::com.andrew.lu.api.HttpApi::com.andrew.lu.api.HttpApi] - upload log
2015-01-21 10:05:12,017 - [ERROR::com.andrew.lu.api.HttpApi::com.andrew.lu.api.HttpApi] - upload log
2015-01-21 10:08:22,987 - [ERROR::com.andrew.lu.api.HttpApi::com.andrew.lu.api.HttpApi] - upload log

--29sQlZexZaumLDumpvOGDgEGG969E3--
	at net.sf.json.util.JSONTokener.syntaxError(JSONTokener.java:499)
	at net.sf.json.JSONObject._fromJSONTokener(JSONObject.java:972)
	at net.sf.json.JSONObject._fromString(JSONObject.java:1201)
	at net.sf.json.JSONObject.fromObject(JSONObject.java:165)
	at com.ycc.core.util.json.JsonUtil.getMapFromJsonString(JsonUtil.java:59)
	at com.ycc.business.ektappserver.interceptor.AppServerInterceptor.initParam(AppServerInterceptor.java:33)
	at com.ycc.business.ektappserver.interceptor.AppServerInterceptor.intercept(AppServerInterceptor.java:45)
	at com.jfinal.aop.ActionInvocationWrapper.invoke(ActionInvocationWrapper.java:43)
	at com.jfinal.aop.InterceptorStack.intercept(InterceptorStack.java:56)
	at com.jfinal.core.ActionInvocation.invoke(ActionInvocation.java:51)
	at com.jfinal.aop.ActionInvocationWrapper.invoke(ActionInvocationWrapper.java:45)
	at com.ycc.core.myspringioc.MyIocInterceptor.intercept(MyIocInterceptor.java:31)
	at com.jfinal.aop.ActionInvocationWrapper.invoke(ActionInvocationWrapper.java:43)
	at com.ycc.core.jfinal.common.CommonInterceptor.intercept(CommonInterceptor.java:21)
	at com.jfinal.aop.ActionInvocationWrapper.invoke(ActionInvocationWrapper.java:43)
	at com.jfinal.aop.InterceptorStack.intercept(InterceptorStack.java:56)
	at com.jfinal.core.ActionInvocation.invoke(ActionInvocation.java:51)
	at com.jfinal.core.ActionHandler.handle(ActionHandler.java:77)
	at com.jfinal.core.JFinalFilter.doFilter(JFinalFilter.java:72)
	at org.eclipse.jetty.servlet.ServletHandler$CachedChain.doFilter(ServletHandler.java:1307)
	at com.alibaba.druid.support.http.WebStatFilter.doFilter(WebStatFilter.java:124)
	at org.eclipse.jetty.servlet.ServletHandler$CachedChain.doFilter(ServletHandler.java:1307)
	at org.eclipse.jetty.servlet.ServletHandler.doHandle(ServletHandler.java:453)
	at org.eclipse.jetty.server.handler.ScopedHandler.handle(ScopedHandler.java:137)
	at org.eclipse.jetty.security.SecurityHandler.handle(SecurityHandler.java:560)
	at org.eclipse.jetty.server.session.SessionHandler.doHandle(SessionHandler.java:231)
	at org.eclipse.jetty.server.handler.ContextHandler.doHandle(ContextHandler.java:1072)
	at org.eclipse.jetty.servlet.ServletHandler.doScope(ServletHandler.java:382)
	at org.eclipse.jetty.server.session.SessionHandler.doScope(SessionHandler.java:193)
	at org.eclipse.jetty.server.handler.ContextHandler.doScope(ContextHandler.java:1006)
	at org.eclipse.jetty.server.handler.ScopedHandler.handle(ScopedHandler.java:135)
	at org.eclipse.jetty.server.handler.HandlerWrapper.handle(HandlerWrapper.java:116)
	at org.eclipse.jetty.server.Server.handle(Server.java:365)
	at org.eclipse.jetty.server.AbstractHttpConnection.handleRequest(AbstractHttpConnection.java:485)
	at org.eclipse.jetty.server.AbstractHttpConnection.content(AbstractHttpConnection.java:937)
	at org.eclipse.jetty.server.AbstractHttpConnection$RequestHandler.content(AbstractHttpConnection.java:998)
	at org.eclipse.jetty.http.HttpParser.parseNext(HttpParser.java:856)
	at org.eclipse.jetty.http.HttpParser.parseAvailable(HttpParser.java:235)
	at org.eclipse.jetty.server.AsyncHttpConnection.handle(AsyncHttpConnection.java:82)
	at org.eclipse.jetty.io.nio.SelectChannelEndPoint.handle(SelectChannelEndPoint.java:628)
	at org.eclipse.jetty.io.nio.SelectChannelEndPoint$1.run(SelectChannelEndPoint.java:52)
	at org.eclipse.jetty.util.thread.QueuedThreadPool.runJob(QueuedThreadPool.java:608)
	at org.eclipse.jetty.util.thread.QueuedThreadPool$3.run(QueuedThreadPool.java:543)
	at java.lang.Thread.run(Thread.java:745)

2015-01-21 10:15:21
[ERROR]-[Thread: qtp1947060051-46]-[com.jfinal.core.ActionHandler.handle()]: /appServer/uploadlog
com.jfinal.render.RenderException: java.io.FileNotFoundException: Template "/appServer/uploadlog.html" not found.
	at com.jfinal.render.FreeMarkerRender.render(FreeMarkerRender.java:130)
	at com.jfinal.core.ActionHandler.handle(ActionHandler.java:92)
	at com.jfinal.core.JFinalFilter.doFilter(JFinalFilter.java:72)
	at org.eclipse.jetty.servlet.ServletHandler$CachedChain.doFilter(ServletHandler.java:1307)
	at com.alibaba.druid.support.http.WebStatFilter.doFilter(WebStatFilter.java:124)
	at org.eclipse.jetty.servlet.ServletHandler$CachedChain.doFilter(ServletHandler.java:1307)
	at org.eclipse.jetty.servlet.ServletHandler.doHandle(ServletHandler.java:453)
	at org.eclipse.jetty.server.handler.ScopedHandler.handle(ScopedHandler.java:137)
	at org.eclipse.jetty.security.SecurityHandler.handle(SecurityHandler.java:560)
	at org.eclipse.jetty.server.session.SessionHandler.doHandle(SessionHandler.java:231)
	at org.eclipse.jetty.server.handler.ContextHandler.doHandle(ContextHandler.java:1072)
	at org.eclipse.jetty.servlet.ServletHandler.doScope(ServletHandler.java:382)
	at org.eclipse.jetty.server.session.SessionHandler.doScope(SessionHandler.java:193)
	at org.eclipse.jetty.server.handler.ContextHandler.doScope(ContextHandler.java:1006)
	at org.eclipse.jetty.server.handler.ScopedHandler.handle(ScopedHandler.java:135)
	at org.eclipse.jetty.server.handler.HandlerWrapper.handle(HandlerWrapper.java:116)
	at org.eclipse.jetty.server.Server.handle(Server.java:365)
	at org.eclipse.jetty.server.AbstractHttpConnection.handleRequest(AbstractHttpConnection.java:485)
	at org.eclipse.jetty.server.AbstractHttpConnection.content(AbstractHttpConnection.java:937)
	at org.eclipse.jetty.server.AbstractHttpConnection$RequestHandler.content(AbstractHttpConnection.java:998)
	at org.eclipse.jetty.http.HttpParser.parseNext(HttpParser.java:856)
	at org.eclipse.jetty.http.HttpParser.parseAvailable(HttpParser.java:240)
	at org.eclipse.jetty.server.AsyncHttpConnection.handle(AsyncHttpConnection.java:82)
	at org.eclipse.jetty.io.nio.SelectChannelEndPoint.handle(SelectChannelEndPoint.java:628)
	at org.eclipse.jetty.io.nio.SelectChannelEndPoint$1.run(SelectChannelEndPoint.java:52)
	at org.eclipse.jetty.util.thread.QueuedThreadPool.runJob(QueuedThreadPool.java:608)
	at org.eclipse.jetty.util.thread.QueuedThreadPool$3.run(QueuedThreadPool.java:543)
	at java.lang.Thread.run(Thread.java:745)
Caused by: java.io.FileNotFoundException: Template "/appServer/uploadlog.html" not found.
	at freemarker.template.Configuration.getTemplate(Configuration.java:742)
	at freemarker.template.Configuration.getTemplate(Configuration.java:665)
	at com.jfinal.render.FreeMarkerRender.render(FreeMarkerRender.java:126)
	... 27 more

2015-01-21 11:58:58
[ERROR]-[Thread: qtp882464171-45]-[com.jfinal.core.ActionHandler.handle()]: /appServer/filelist
net.sf.json.JSONException: A JSONObject text must begin with '{' at character 0 of 
	at net.sf.json.util.JSONTokener.syntaxError(JSONTokener.java:499)
	at net.sf.json.JSONObject._fromJSONTokener(JSONObject.java:972)
	at net.sf.json.JSONObject._fromString(JSONObject.java:1201)
	at net.sf.json.JSONObject.fromObject(JSONObject.java:165)
	at com.ycc.core.util.json.JsonUtil.getMapFromJsonString(JsonUtil.java:59)
	at com.ycc.business.ektappserver.interceptor.AppServerInterceptor.initParam(AppServerInterceptor.java:40)
	at com.ycc.business.ektappserver.interceptor.AppServerInterceptor.intercept(AppServerInterceptor.java:53)
	at com.jfinal.aop.ActionInvocationWrapper.invoke(ActionInvocationWrapper.java:43)
	at com.jfinal.aop.InterceptorStack.intercept(InterceptorStack.java:56)
	at com.jfinal.core.ActionInvocation.invoke(ActionInvocation.java:51)
	at com.jfinal.aop.ActionInvocationWrapper.invoke(ActionInvocationWrapper.java:45)
	at com.ycc.core.myspringioc.MyIocInterceptor.intercept(MyIocInterceptor.java:31)
	at com.jfinal.aop.ActionInvocationWrapper.invoke(ActionInvocationWrapper.java:43)
	at com.ycc.core.jfinal.common.CommonInterceptor.intercept(CommonInterceptor.java:21)
	at com.jfinal.aop.ActionInvocationWrapper.invoke(ActionInvocationWrapper.java:43)
	at com.jfinal.aop.InterceptorStack.intercept(InterceptorStack.java:56)
	at com.jfinal.core.ActionInvocation.invoke(ActionInvocation.java:51)
	at com.jfinal.core.ActionHandler.handle(ActionHandler.java:77)
	at com.jfinal.core.JFinalFilter.doFilter(JFinalFilter.java:72)
	at org.eclipse.jetty.servlet.ServletHandler$CachedChain.doFilter(ServletHandler.java:1307)
	at com.alibaba.druid.support.http.WebStatFilter.doFilter(WebStatFilter.java:124)
	at org.eclipse.jetty.servlet.ServletHandler$CachedChain.doFilter(ServletHandler.java:1307)
	at org.eclipse.jetty.servlet.ServletHandler.doHandle(ServletHandler.java:453)
	at org.eclipse.jetty.server.handler.ScopedHandler.handle(ScopedHandler.java:137)
	at org.eclipse.jetty.security.SecurityHandler.handle(SecurityHandler.java:560)
	at org.eclipse.jetty.server.session.SessionHandler.doHandle(SessionHandler.java:231)
	at org.eclipse.jetty.server.handler.ContextHandler.doHandle(ContextHandler.java:1072)
	at org.eclipse.jetty.servlet.ServletHandler.doScope(ServletHandler.java:382)
	at org.eclipse.jetty.server.session.SessionHandler.doScope(SessionHandler.java:193)
	at org.eclipse.jetty.server.handler.ContextHandler.doScope(ContextHandler.java:1006)
	at org.eclipse.jetty.server.handler.ScopedHandler.handle(ScopedHandler.java:135)
	at org.eclipse.jetty.server.handler.HandlerWrapper.handle(HandlerWrapper.java:116)
	at org.eclipse.jetty.server.Server.handle(Server.java:365)
	at org.eclipse.jetty.server.AbstractHttpConnection.handleRequest(AbstractHttpConnection.java:485)
	at org.eclipse.jetty.server.AbstractHttpConnection.headerComplete(AbstractHttpConnection.java:926)
	at org.eclipse.jetty.server.AbstractHttpConnection$RequestHandler.headerComplete(AbstractHttpConnection.java:988)
	at org.eclipse.jetty.http.HttpParser.parseNext(HttpParser.java:635)
	at org.eclipse.jetty.http.HttpParser.parseAvailable(HttpParser.java:235)
	at org.eclipse.jetty.server.AsyncHttpConnection.handle(AsyncHttpConnection.java:82)
	at org.eclipse.jetty.io.nio.SelectChannelEndPoint.handle(SelectChannelEndPoint.java:628)
	at org.eclipse.jetty.io.nio.SelectChannelEndPoint$1.run(SelectChannelEndPoint.java:52)
	at org.eclipse.jetty.util.thread.QueuedThreadPool.runJob(QueuedThreadPool.java:608)
	at org.eclipse.jetty.util.thread.QueuedThreadPool$3.run(QueuedThreadPool.java:543)
	at java.lang.Thread.run(Thread.java:745)

2015-01-21 12:01:20
[ERROR]-[Thread: qtp1053255815-44]-[freemarker.log._Log4JLoggerFactory$Log4JLogger.error()]: Error executing FreeMarker template
FreeMarker template error:
Can't convert the date to string, because it's not known which parts of the date variable are in use.

Tip: Use ?time, ?date or ?datetime to tell FreeMarker which parts of the date is used.
Tip: For programmers: Use java.sql.Date/Time/Timestamp instead of java.util.Date in the data-model to avoid this ambiguity.

The failing instruction (FTL stack trace):
----------
==> ${x.time}  [in template "appServer/UploadFileList.html" at line 14, column 64]
    #list files as x  [in template "appServer/UploadFileList.html" at line 10, column 1]
----------

Java stack trace (for programmers):
----------
freemarker.core._TemplateModelException: [... Exception message was already printed; see it above ...]
	at freemarker.core.Environment.formatDate(Environment.java:918)
	at freemarker.core.EvalUtil.coerceModelToString(EvalUtil.java:374)
	at freemarker.core.Expression.evalAndCoerceToString(Expression.java:115)
	at freemarker.core.DollarVariable.accept(DollarVariable.java:76)
	at freemarker.core.Environment.visit(Environment.java:265)
	at freemarker.core.MixedContent.accept(MixedContent.java:93)
	at freemarker.core.Environment.visit(Environment.java:265)
	at freemarker.core.IteratorBlock$Context.runLoop(IteratorBlock.java:181)
	at freemarker.core.Environment.visitIteratorBlock(Environment.java:509)
	at freemarker.core.IteratorBlock.accept(IteratorBlock.java:103)
	at freemarker.core.Environment.visit(Environment.java:265)
	at freemarker.core.MixedContent.accept(MixedContent.java:93)
	at freemarker.core.Environment.visit(Environment.java:265)
	at freemarker.core.Environment.process(Environment.java:243)
	at freemarker.template.Template.process(Template.java:277)
	at com.jfinal.render.FreeMarkerRender.render(FreeMarkerRender.java:128)
	at com.jfinal.core.ActionHandler.handle(ActionHandler.java:92)
	at com.jfinal.core.JFinalFilter.doFilter(JFinalFilter.java:72)
	at org.eclipse.jetty.servlet.ServletHandler$CachedChain.doFilter(ServletHandler.java:1307)
	at com.alibaba.druid.support.http.WebStatFilter.doFilter(WebStatFilter.java:124)
	at org.eclipse.jetty.servlet.ServletHandler$CachedChain.doFilter(ServletHandler.java:1307)
	at org.eclipse.jetty.servlet.ServletHandler.doHandle(ServletHandler.java:453)
	at org.eclipse.jetty.server.handler.ScopedHandler.handle(ScopedHandler.java:137)
	at org.eclipse.jetty.security.SecurityHandler.handle(SecurityHandler.java:560)
	at org.eclipse.jetty.server.session.SessionHandler.doHandle(SessionHandler.java:231)
	at org.eclipse.jetty.server.handler.ContextHandler.doHandle(ContextHandler.java:1072)
	at org.eclipse.jetty.servlet.ServletHandler.doScope(ServletHandler.java:382)
	at org.eclipse.jetty.server.session.SessionHandler.doScope(SessionHandler.java:193)
	at org.eclipse.jetty.server.handler.ContextHandler.doScope(ContextHandler.java:1006)
	at org.eclipse.jetty.server.handler.ScopedHandler.handle(ScopedHandler.java:135)
	at org.eclipse.jetty.server.handler.HandlerWrapper.handle(HandlerWrapper.java:116)
	at org.eclipse.jetty.server.Server.handle(Server.java:365)
	at org.eclipse.jetty.server.AbstractHttpConnection.handleRequest(AbstractHttpConnection.java:485)
	at org.eclipse.jetty.server.AbstractHttpConnection.headerComplete(AbstractHttpConnection.java:926)
	at org.eclipse.jetty.server.AbstractHttpConnection$RequestHandler.headerComplete(AbstractHttpConnection.java:988)
	at org.eclipse.jetty.http.HttpParser.parseNext(HttpParser.java:635)
	at org.eclipse.jetty.http.HttpParser.parseAvailable(HttpParser.java:235)
	at org.eclipse.jetty.server.AsyncHttpConnection.handle(AsyncHttpConnection.java:82)
	at org.eclipse.jetty.io.nio.SelectChannelEndPoint.handle(SelectChannelEndPoint.java:628)
	at org.eclipse.jetty.io.nio.SelectChannelEndPoint$1.run(SelectChannelEndPoint.java:52)
	at org.eclipse.jetty.util.thread.QueuedThreadPool.runJob(QueuedThreadPool.java:608)
	at org.eclipse.jetty.util.thread.QueuedThreadPool$3.run(QueuedThreadPool.java:543)
	at java.lang.Thread.run(Thread.java:745)

2015-01-21 12:01:20
[ERROR]-[Thread: qtp1053255815-44]-[com.jfinal.core.ActionHandler.handle()]: /appServer/filelist
com.jfinal.render.RenderException: freemarker.core._TemplateModelException: Can't convert the date to string, because it's not known which parts of the date variable are in use.

Tip: Use ?time, ?date or ?datetime to tell FreeMarker which parts of the date is used.
Tip: For programmers: Use java.sql.Date/Time/Timestamp instead of java.util.Date in the data-model to avoid this ambiguity.

The failing instruction (print stack trace for 1 more):
==> ${x.time}  [in template "appServer/UploadFileList.html" at line 14, column 64]
	at com.jfinal.render.FreeMarkerRender.render(FreeMarkerRender.java:130)
	at com.jfinal.core.ActionHandler.handle(ActionHandler.java:92)
	at com.jfinal.core.JFinalFilter.doFilter(JFinalFilter.java:72)
	at org.eclipse.jetty.servlet.ServletHandler$CachedChain.doFilter(ServletHandler.java:1307)
	at com.alibaba.druid.support.http.WebStatFilter.doFilter(WebStatFilter.java:124)
	at org.eclipse.jetty.servlet.ServletHandler$CachedChain.doFilter(ServletHandler.java:1307)
	at org.eclipse.jetty.servlet.ServletHandler.doHandle(ServletHandler.java:453)
	at org.eclipse.jetty.server.handler.ScopedHandler.handle(ScopedHandler.java:137)
	at org.eclipse.jetty.security.SecurityHandler.handle(SecurityHandler.java:560)
	at org.eclipse.jetty.server.session.SessionHandler.doHandle(SessionHandler.java:231)
	at org.eclipse.jetty.server.handler.ContextHandler.doHandle(ContextHandler.java:1072)
	at org.eclipse.jetty.servlet.ServletHandler.doScope(ServletHandler.java:382)
	at org.eclipse.jetty.server.session.SessionHandler.doScope(SessionHandler.java:193)
	at org.eclipse.jetty.server.handler.ContextHandler.doScope(ContextHandler.java:1006)
	at org.eclipse.jetty.server.handler.ScopedHandler.handle(ScopedHandler.java:135)
	at org.eclipse.jetty.server.handler.HandlerWrapper.handle(HandlerWrapper.java:116)
	at org.eclipse.jetty.server.Server.handle(Server.java:365)
	at org.eclipse.jetty.server.AbstractHttpConnection.handleRequest(AbstractHttpConnection.java:485)
	at org.eclipse.jetty.server.AbstractHttpConnection.headerComplete(AbstractHttpConnection.java:926)
	at org.eclipse.jetty.server.AbstractHttpConnection$RequestHandler.headerComplete(AbstractHttpConnection.java:988)
	at org.eclipse.jetty.http.HttpParser.parseNext(HttpParser.java:635)
	at org.eclipse.jetty.http.HttpParser.parseAvailable(HttpParser.java:235)
	at org.eclipse.jetty.server.AsyncHttpConnection.handle(AsyncHttpConnection.java:82)
	at org.eclipse.jetty.io.nio.SelectChannelEndPoint.handle(SelectChannelEndPoint.java:628)
	at org.eclipse.jetty.io.nio.SelectChannelEndPoint$1.run(SelectChannelEndPoint.java:52)
	at org.eclipse.jetty.util.thread.QueuedThreadPool.runJob(QueuedThreadPool.java:608)
	at org.eclipse.jetty.util.thread.QueuedThreadPool$3.run(QueuedThreadPool.java:543)
	at java.lang.Thread.run(Thread.java:745)
Caused by: freemarker.core._TemplateModelException: Can't convert the date to string, because it's not known which parts of the date variable are in use.

Tip: Use ?time, ?date or ?datetime to tell FreeMarker which parts of the date is used.
Tip: For programmers: Use java.sql.Date/Time/Timestamp instead of java.util.Date in the data-model to avoid this ambiguity.

The failing instruction (print stack trace for 1 more):
==> ${x.time}  [in template "appServer/UploadFileList.html" at line 14, column 64]
	at freemarker.core.Environment.formatDate(Environment.java:918)
	at freemarker.core.EvalUtil.coerceModelToString(EvalUtil.java:374)
	at freemarker.core.Expression.evalAndCoerceToString(Expression.java:115)
	at freemarker.core.DollarVariable.accept(DollarVariable.java:76)
	at freemarker.core.Environment.visit(Environment.java:265)
	at freemarker.core.MixedContent.accept(MixedContent.java:93)
	at freemarker.core.Environment.visit(Environment.java:265)
	at freemarker.core.IteratorBlock$Context.runLoop(IteratorBlock.java:181)
	at freemarker.core.Environment.visitIteratorBlock(Environment.java:509)
	at freemarker.core.IteratorBlock.accept(IteratorBlock.java:103)
	at freemarker.core.Environment.visit(Environment.java:265)
	at freemarker.core.MixedContent.accept(MixedContent.java:93)
	at freemarker.core.Environment.visit(Environment.java:265)
	at freemarker.core.Environment.process(Environment.java:243)
	at freemarker.template.Template.process(Template.java:277)
	at com.jfinal.render.FreeMarkerRender.render(FreeMarkerRender.java:128)
	... 27 more

2015-01-21 12:04:21
[ERROR]-[Thread: qtp1053255815-50]-[freemarker.log._Log4JLoggerFactory$Log4JLogger.error()]: Error executing FreeMarker template
FreeMarker template error:
Can't convert the date to string, because it's not known which parts of the date variable are in use.

Tip: Use ?time, ?date or ?datetime to tell FreeMarker which parts of the date is used.
Tip: For programmers: Use java.sql.Date/Time/Timestamp instead of java.util.Date in the data-model to avoid this ambiguity.

The failing instruction (FTL stack trace):
----------
==> ${x.time}  [in template "appServer/UploadFileList.html" at line 14, column 64]
    #list files as x  [in template "appServer/UploadFileList.html" at line 10, column 1]
----------

Java stack trace (for programmers):
----------
freemarker.core._TemplateModelException: [... Exception message was already printed; see it above ...]
	at freemarker.core.Environment.formatDate(Environment.java:918)
	at freemarker.core.EvalUtil.coerceModelToString(EvalUtil.java:374)
	at freemarker.core.Expression.evalAndCoerceToString(Expression.java:115)
	at freemarker.core.DollarVariable.accept(DollarVariable.java:76)
	at freemarker.core.Environment.visit(Environment.java:265)
	at freemarker.core.MixedContent.accept(MixedContent.java:93)
	at freemarker.core.Environment.visit(Environment.java:265)
	at freemarker.core.IteratorBlock$Context.runLoop(IteratorBlock.java:181)
	at freemarker.core.Environment.visitIteratorBlock(Environment.java:509)
	at freemarker.core.IteratorBlock.accept(IteratorBlock.java:103)
	at freemarker.core.Environment.visit(Environment.java:265)
	at freemarker.core.MixedContent.accept(MixedContent.java:93)
	at freemarker.core.Environment.visit(Environment.java:265)
	at freemarker.core.Environment.process(Environment.java:243)
	at freemarker.template.Template.process(Template.java:277)
	at com.jfinal.render.FreeMarkerRender.render(FreeMarkerRender.java:128)
	at com.jfinal.core.ActionHandler.handle(ActionHandler.java:92)
	at com.jfinal.core.JFinalFilter.doFilter(JFinalFilter.java:72)
	at org.eclipse.jetty.servlet.ServletHandler$CachedChain.doFilter(ServletHandler.java:1307)
	at com.alibaba.druid.support.http.WebStatFilter.doFilter(WebStatFilter.java:124)
	at org.eclipse.jetty.servlet.ServletHandler$CachedChain.doFilter(ServletHandler.java:1307)
	at org.eclipse.jetty.servlet.ServletHandler.doHandle(ServletHandler.java:453)
	at org.eclipse.jetty.server.handler.ScopedHandler.handle(ScopedHandler.java:137)
	at org.eclipse.jetty.security.SecurityHandler.handle(SecurityHandler.java:560)
	at org.eclipse.jetty.server.session.SessionHandler.doHandle(SessionHandler.java:231)
	at org.eclipse.jetty.server.handler.ContextHandler.doHandle(ContextHandler.java:1072)
	at org.eclipse.jetty.servlet.ServletHandler.doScope(ServletHandler.java:382)
	at org.eclipse.jetty.server.session.SessionHandler.doScope(SessionHandler.java:193)
	at org.eclipse.jetty.server.handler.ContextHandler.doScope(ContextHandler.java:1006)
	at org.eclipse.jetty.server.handler.ScopedHandler.handle(ScopedHandler.java:135)
	at org.eclipse.jetty.server.handler.HandlerWrapper.handle(HandlerWrapper.java:116)
	at org.eclipse.jetty.server.Server.handle(Server.java:365)
	at org.eclipse.jetty.server.AbstractHttpConnection.handleRequest(AbstractHttpConnection.java:485)
	at org.eclipse.jetty.server.AbstractHttpConnection.headerComplete(AbstractHttpConnection.java:926)
	at org.eclipse.jetty.server.AbstractHttpConnection$RequestHandler.headerComplete(AbstractHttpConnection.java:988)
	at org.eclipse.jetty.http.HttpParser.parseNext(HttpParser.java:635)
	at org.eclipse.jetty.http.HttpParser.parseAvailable(HttpParser.java:235)
	at org.eclipse.jetty.server.AsyncHttpConnection.handle(AsyncHttpConnection.java:82)
	at org.eclipse.jetty.io.nio.SelectChannelEndPoint.handle(SelectChannelEndPoint.java:628)
	at org.eclipse.jetty.io.nio.SelectChannelEndPoint$1.run(SelectChannelEndPoint.java:52)
	at org.eclipse.jetty.util.thread.QueuedThreadPool.runJob(QueuedThreadPool.java:608)
	at org.eclipse.jetty.util.thread.QueuedThreadPool$3.run(QueuedThreadPool.java:543)
	at java.lang.Thread.run(Thread.java:745)

2015-01-21 12:04:21
[ERROR]-[Thread: qtp1053255815-50]-[com.jfinal.core.ActionHandler.handle()]: /appServer/filelist
com.jfinal.render.RenderException: freemarker.core._TemplateModelException: Can't convert the date to string, because it's not known which parts of the date variable are in use.

Tip: Use ?time, ?date or ?datetime to tell FreeMarker which parts of the date is used.
Tip: For programmers: Use java.sql.Date/Time/Timestamp instead of java.util.Date in the data-model to avoid this ambiguity.

The failing instruction (print stack trace for 1 more):
==> ${x.time}  [in template "appServer/UploadFileList.html" at line 14, column 64]
	at com.jfinal.render.FreeMarkerRender.render(FreeMarkerRender.java:130)
	at com.jfinal.core.ActionHandler.handle(ActionHandler.java:92)
	at com.jfinal.core.JFinalFilter.doFilter(JFinalFilter.java:72)
	at org.eclipse.jetty.servlet.ServletHandler$CachedChain.doFilter(ServletHandler.java:1307)
	at com.alibaba.druid.support.http.WebStatFilter.doFilter(WebStatFilter.java:124)
	at org.eclipse.jetty.servlet.ServletHandler$CachedChain.doFilter(ServletHandler.java:1307)
	at org.eclipse.jetty.servlet.ServletHandler.doHandle(ServletHandler.java:453)
	at org.eclipse.jetty.server.handler.ScopedHandler.handle(ScopedHandler.java:137)
	at org.eclipse.jetty.security.SecurityHandler.handle(SecurityHandler.java:560)
	at org.eclipse.jetty.server.session.SessionHandler.doHandle(SessionHandler.java:231)
	at org.eclipse.jetty.server.handler.ContextHandler.doHandle(ContextHandler.java:1072)
	at org.eclipse.jetty.servlet.ServletHandler.doScope(ServletHandler.java:382)
	at org.eclipse.jetty.server.session.SessionHandler.doScope(SessionHandler.java:193)
	at org.eclipse.jetty.server.handler.ContextHandler.doScope(ContextHandler.java:1006)
	at org.eclipse.jetty.server.handler.ScopedHandler.handle(ScopedHandler.java:135)
	at org.eclipse.jetty.server.handler.HandlerWrapper.handle(HandlerWrapper.java:116)
	at org.eclipse.jetty.server.Server.handle(Server.java:365)
	at org.eclipse.jetty.server.AbstractHttpConnection.handleRequest(AbstractHttpConnection.java:485)
	at org.eclipse.jetty.server.AbstractHttpConnection.headerComplete(AbstractHttpConnection.java:926)
	at org.eclipse.jetty.server.AbstractHttpConnection$RequestHandler.headerComplete(AbstractHttpConnection.java:988)
	at org.eclipse.jetty.http.HttpParser.parseNext(HttpParser.java:635)
	at org.eclipse.jetty.http.HttpParser.parseAvailable(HttpParser.java:235)
	at org.eclipse.jetty.server.AsyncHttpConnection.handle(AsyncHttpConnection.java:82)
	at org.eclipse.jetty.io.nio.SelectChannelEndPoint.handle(SelectChannelEndPoint.java:628)
	at org.eclipse.jetty.io.nio.SelectChannelEndPoint$1.run(SelectChannelEndPoint.java:52)
	at org.eclipse.jetty.util.thread.QueuedThreadPool.runJob(QueuedThreadPool.java:608)
	at org.eclipse.jetty.util.thread.QueuedThreadPool$3.run(QueuedThreadPool.java:543)
	at java.lang.Thread.run(Thread.java:745)
Caused by: freemarker.core._TemplateModelException: Can't convert the date to string, because it's not known which parts of the date variable are in use.

Tip: Use ?time, ?date or ?datetime to tell FreeMarker which parts of the date is used.
Tip: For programmers: Use java.sql.Date/Time/Timestamp instead of java.util.Date in the data-model to avoid this ambiguity.

The failing instruction (print stack trace for 1 more):
==> ${x.time}  [in template "appServer/UploadFileList.html" at line 14, column 64]
	at freemarker.core.Environment.formatDate(Environment.java:918)
	at freemarker.core.EvalUtil.coerceModelToString(EvalUtil.java:374)
	at freemarker.core.Expression.evalAndCoerceToString(Expression.java:115)
	at freemarker.core.DollarVariable.accept(DollarVariable.java:76)
	at freemarker.core.Environment.visit(Environment.java:265)
	at freemarker.core.MixedContent.accept(MixedContent.java:93)
	at freemarker.core.Environment.visit(Environment.java:265)
	at freemarker.core.IteratorBlock$Context.runLoop(IteratorBlock.java:181)
	at freemarker.core.Environment.visitIteratorBlock(Environment.java:509)
	at freemarker.core.IteratorBlock.accept(IteratorBlock.java:103)
	at freemarker.core.Environment.visit(Environment.java:265)
	at freemarker.core.MixedContent.accept(MixedContent.java:93)
	at freemarker.core.Environment.visit(Environment.java:265)
	at freemarker.core.Environment.process(Environment.java:243)
	at freemarker.template.Template.process(Template.java:277)
	at com.jfinal.render.FreeMarkerRender.render(FreeMarkerRender.java:128)
	... 27 more

2015-01-21 12:04:43
[ERROR]-[Thread: qtp1053255815-50]-[freemarker.log._Log4JLoggerFactory$Log4JLogger.error()]: Error executing FreeMarker template
FreeMarker template error:
Can't convert the date to string, because it's not known which parts of the date variable are in use.

Tip: Use ?time, ?date or ?datetime to tell FreeMarker which parts of the date is used.
Tip: For programmers: Use java.sql.Date/Time/Timestamp instead of java.util.Date in the data-model to avoid this ambiguity.

The failing instruction (FTL stack trace):
----------
==> ${x.time}  [in template "appServer/UploadFileList.html" at line 14, column 64]
    #list files as x  [in template "appServer/UploadFileList.html" at line 10, column 1]
----------

Java stack trace (for programmers):
----------
freemarker.core._TemplateModelException: [... Exception message was already printed; see it above ...]
	at freemarker.core.Environment.formatDate(Environment.java:918)
	at freemarker.core.EvalUtil.coerceModelToString(EvalUtil.java:374)
	at freemarker.core.Expression.evalAndCoerceToString(Expression.java:115)
	at freemarker.core.DollarVariable.accept(DollarVariable.java:76)
	at freemarker.core.Environment.visit(Environment.java:265)
	at freemarker.core.MixedContent.accept(MixedContent.java:93)
	at freemarker.core.Environment.visit(Environment.java:265)
	at freemarker.core.IteratorBlock$Context.runLoop(IteratorBlock.java:181)
	at freemarker.core.Environment.visitIteratorBlock(Environment.java:509)
	at freemarker.core.IteratorBlock.accept(IteratorBlock.java:103)
	at freemarker.core.Environment.visit(Environment.java:265)
	at freemarker.core.MixedContent.accept(MixedContent.java:93)
	at freemarker.core.Environment.visit(Environment.java:265)
	at freemarker.core.Environment.process(Environment.java:243)
	at freemarker.template.Template.process(Template.java:277)
	at com.jfinal.render.FreeMarkerRender.render(FreeMarkerRender.java:128)
	at com.jfinal.core.ActionHandler.handle(ActionHandler.java:92)
	at com.jfinal.core.JFinalFilter.doFilter(JFinalFilter.java:72)
	at org.eclipse.jetty.servlet.ServletHandler$CachedChain.doFilter(ServletHandler.java:1307)
	at com.alibaba.druid.support.http.WebStatFilter.doFilter(WebStatFilter.java:124)
	at org.eclipse.jetty.servlet.ServletHandler$CachedChain.doFilter(ServletHandler.java:1307)
	at org.eclipse.jetty.servlet.ServletHandler.doHandle(ServletHandler.java:453)
	at org.eclipse.jetty.server.handler.ScopedHandler.handle(ScopedHandler.java:137)
	at org.eclipse.jetty.security.SecurityHandler.handle(SecurityHandler.java:560)
	at org.eclipse.jetty.server.session.SessionHandler.doHandle(SessionHandler.java:231)
	at org.eclipse.jetty.server.handler.ContextHandler.doHandle(ContextHandler.java:1072)
	at org.eclipse.jetty.servlet.ServletHandler.doScope(ServletHandler.java:382)
	at org.eclipse.jetty.server.session.SessionHandler.doScope(SessionHandler.java:193)
	at org.eclipse.jetty.server.handler.ContextHandler.doScope(ContextHandler.java:1006)
	at org.eclipse.jetty.server.handler.ScopedHandler.handle(ScopedHandler.java:135)
	at org.eclipse.jetty.server.handler.HandlerWrapper.handle(HandlerWrapper.java:116)
	at org.eclipse.jetty.server.Server.handle(Server.java:365)
	at org.eclipse.jetty.server.AbstractHttpConnection.handleRequest(AbstractHttpConnection.java:485)
	at org.eclipse.jetty.server.AbstractHttpConnection.headerComplete(AbstractHttpConnection.java:926)
	at org.eclipse.jetty.server.AbstractHttpConnection$RequestHandler.headerComplete(AbstractHttpConnection.java:988)
	at org.eclipse.jetty.http.HttpParser.parseNext(HttpParser.java:635)
	at org.eclipse.jetty.http.HttpParser.parseAvailable(HttpParser.java:235)
	at org.eclipse.jetty.server.AsyncHttpConnection.handle(AsyncHttpConnection.java:82)
	at org.eclipse.jetty.io.nio.SelectChannelEndPoint.handle(SelectChannelEndPoint.java:628)
	at org.eclipse.jetty.io.nio.SelectChannelEndPoint$1.run(SelectChannelEndPoint.java:52)
	at org.eclipse.jetty.util.thread.QueuedThreadPool.runJob(QueuedThreadPool.java:608)
	at org.eclipse.jetty.util.thread.QueuedThreadPool$3.run(QueuedThreadPool.java:543)
	at java.lang.Thread.run(Thread.java:745)

2015-01-21 12:04:43
[ERROR]-[Thread: qtp1053255815-50]-[com.jfinal.core.ActionHandler.handle()]: /appServer/filelist
com.jfinal.render.RenderException: freemarker.core._TemplateModelException: Can't convert the date to string, because it's not known which parts of the date variable are in use.

Tip: Use ?time, ?date or ?datetime to tell FreeMarker which parts of the date is used.
Tip: For programmers: Use java.sql.Date/Time/Timestamp instead of java.util.Date in the data-model to avoid this ambiguity.

The failing instruction (print stack trace for 1 more):
==> ${x.time}  [in template "appServer/UploadFileList.html" at line 14, column 64]
	at com.jfinal.render.FreeMarkerRender.render(FreeMarkerRender.java:130)
	at com.jfinal.core.ActionHandler.handle(ActionHandler.java:92)
	at com.jfinal.core.JFinalFilter.doFilter(JFinalFilter.java:72)
	at org.eclipse.jetty.servlet.ServletHandler$CachedChain.doFilter(ServletHandler.java:1307)
	at com.alibaba.druid.support.http.WebStatFilter.doFilter(WebStatFilter.java:124)
	at org.eclipse.jetty.servlet.ServletHandler$CachedChain.doFilter(ServletHandler.java:1307)
	at org.eclipse.jetty.servlet.ServletHandler.doHandle(ServletHandler.java:453)
	at org.eclipse.jetty.server.handler.ScopedHandler.handle(ScopedHandler.java:137)
	at org.eclipse.jetty.security.SecurityHandler.handle(SecurityHandler.java:560)
	at org.eclipse.jetty.server.session.SessionHandler.doHandle(SessionHandler.java:231)
	at org.eclipse.jetty.server.handler.ContextHandler.doHandle(ContextHandler.java:1072)
	at org.eclipse.jetty.servlet.ServletHandler.doScope(ServletHandler.java:382)
	at org.eclipse.jetty.server.session.SessionHandler.doScope(SessionHandler.java:193)
	at org.eclipse.jetty.server.handler.ContextHandler.doScope(ContextHandler.java:1006)
	at org.eclipse.jetty.server.handler.ScopedHandler.handle(ScopedHandler.java:135)
	at org.eclipse.jetty.server.handler.HandlerWrapper.handle(HandlerWrapper.java:116)
	at org.eclipse.jetty.server.Server.handle(Server.java:365)
	at org.eclipse.jetty.server.AbstractHttpConnection.handleRequest(AbstractHttpConnection.java:485)
	at org.eclipse.jetty.server.AbstractHttpConnection.headerComplete(AbstractHttpConnection.java:926)
	at org.eclipse.jetty.server.AbstractHttpConnection$RequestHandler.headerComplete(AbstractHttpConnection.java:988)
	at org.eclipse.jetty.http.HttpParser.parseNext(HttpParser.java:635)
	at org.eclipse.jetty.http.HttpParser.parseAvailable(HttpParser.java:235)
	at org.eclipse.jetty.server.AsyncHttpConnection.handle(AsyncHttpConnection.java:82)
	at org.eclipse.jetty.io.nio.SelectChannelEndPoint.handle(SelectChannelEndPoint.java:628)
	at org.eclipse.jetty.io.nio.SelectChannelEndPoint$1.run(SelectChannelEndPoint.java:52)
	at org.eclipse.jetty.util.thread.QueuedThreadPool.runJob(QueuedThreadPool.java:608)
	at org.eclipse.jetty.util.thread.QueuedThreadPool$3.run(QueuedThreadPool.java:543)
	at java.lang.Thread.run(Thread.java:745)
Caused by: freemarker.core._TemplateModelException: Can't convert the date to string, because it's not known which parts of the date variable are in use.

Tip: Use ?time, ?date or ?datetime to tell FreeMarker which parts of the date is used.
Tip: For programmers: Use java.sql.Date/Time/Timestamp instead of java.util.Date in the data-model to avoid this ambiguity.

The failing instruction (print stack trace for 1 more):
==> ${x.time}  [in template "appServer/UploadFileList.html" at line 14, column 64]
	at freemarker.core.Environment.formatDate(Environment.java:918)
	at freemarker.core.EvalUtil.coerceModelToString(EvalUtil.java:374)
	at freemarker.core.Expression.evalAndCoerceToString(Expression.java:115)
	at freemarker.core.DollarVariable.accept(DollarVariable.java:76)
	at freemarker.core.Environment.visit(Environment.java:265)
	at freemarker.core.MixedContent.accept(MixedContent.java:93)
	at freemarker.core.Environment.visit(Environment.java:265)
	at freemarker.core.IteratorBlock$Context.runLoop(IteratorBlock.java:181)
	at freemarker.core.Environment.visitIteratorBlock(Environment.java:509)
	at freemarker.core.IteratorBlock.accept(IteratorBlock.java:103)
	at freemarker.core.Environment.visit(Environment.java:265)
	at freemarker.core.MixedContent.accept(MixedContent.java:93)
	at freemarker.core.Environment.visit(Environment.java:265)
	at freemarker.core.Environment.process(Environment.java:243)
	at freemarker.template.Template.process(Template.java:277)
	at com.jfinal.render.FreeMarkerRender.render(FreeMarkerRender.java:128)
	... 27 more

2015-01-21 12:05:13
[ERROR]-[Thread: qtp1053255815-45]-[freemarker.log._Log4JLoggerFactory$Log4JLogger.error()]: Error executing FreeMarker template
FreeMarker template error:
Can't convert the date to string, because it's not known which parts of the date variable are in use.

Tip: Use ?time, ?date or ?datetime to tell FreeMarker which parts of the date is used.
Tip: For programmers: Use java.sql.Date/Time/Timestamp instead of java.util.Date in the data-model to avoid this ambiguity.

The failing instruction (FTL stack trace):
----------
==> ${x.time}  [in template "appServer/UploadFileList.html" at line 14, column 64]
    #list files as x  [in template "appServer/UploadFileList.html" at line 10, column 1]
----------

Java stack trace (for programmers):
----------
freemarker.core._TemplateModelException: [... Exception message was already printed; see it above ...]
	at freemarker.core.Environment.formatDate(Environment.java:918)
	at freemarker.core.EvalUtil.coerceModelToString(EvalUtil.java:374)
	at freemarker.core.Expression.evalAndCoerceToString(Expression.java:115)
	at freemarker.core.DollarVariable.accept(DollarVariable.java:76)
	at freemarker.core.Environment.visit(Environment.java:265)
	at freemarker.core.MixedContent.accept(MixedContent.java:93)
	at freemarker.core.Environment.visit(Environment.java:265)
	at freemarker.core.IteratorBlock$Context.runLoop(IteratorBlock.java:181)
	at freemarker.core.Environment.visitIteratorBlock(Environment.java:509)
	at freemarker.core.IteratorBlock.accept(IteratorBlock.java:103)
	at freemarker.core.Environment.visit(Environment.java:265)
	at freemarker.core.MixedContent.accept(MixedContent.java:93)
	at freemarker.core.Environment.visit(Environment.java:265)
	at freemarker.core.Environment.process(Environment.java:243)
	at freemarker.template.Template.process(Template.java:277)
	at com.jfinal.render.FreeMarkerRender.render(FreeMarkerRender.java:128)
	at com.jfinal.core.ActionHandler.handle(ActionHandler.java:92)
	at com.jfinal.core.JFinalFilter.doFilter(JFinalFilter.java:72)
	at org.eclipse.jetty.servlet.ServletHandler$CachedChain.doFilter(ServletHandler.java:1307)
	at com.alibaba.druid.support.http.WebStatFilter.doFilter(WebStatFilter.java:124)
	at org.eclipse.jetty.servlet.ServletHandler$CachedChain.doFilter(ServletHandler.java:1307)
	at org.eclipse.jetty.servlet.ServletHandler.doHandle(ServletHandler.java:453)
	at org.eclipse.jetty.server.handler.ScopedHandler.handle(ScopedHandler.java:137)
	at org.eclipse.jetty.security.SecurityHandler.handle(SecurityHandler.java:560)
	at org.eclipse.jetty.server.session.SessionHandler.doHandle(SessionHandler.java:231)
	at org.eclipse.jetty.server.handler.ContextHandler.doHandle(ContextHandler.java:1072)
	at org.eclipse.jetty.servlet.ServletHandler.doScope(ServletHandler.java:382)
	at org.eclipse.jetty.server.session.SessionHandler.doScope(SessionHandler.java:193)
	at org.eclipse.jetty.server.handler.ContextHandler.doScope(ContextHandler.java:1006)
	at org.eclipse.jetty.server.handler.ScopedHandler.handle(ScopedHandler.java:135)
	at org.eclipse.jetty.server.handler.HandlerWrapper.handle(HandlerWrapper.java:116)
	at org.eclipse.jetty.server.Server.handle(Server.java:365)
	at org.eclipse.jetty.server.AbstractHttpConnection.handleRequest(AbstractHttpConnection.java:485)
	at org.eclipse.jetty.server.AbstractHttpConnection.headerComplete(AbstractHttpConnection.java:926)
	at org.eclipse.jetty.server.AbstractHttpConnection$RequestHandler.headerComplete(AbstractHttpConnection.java:988)
	at org.eclipse.jetty.http.HttpParser.parseNext(HttpParser.java:635)
	at org.eclipse.jetty.http.HttpParser.parseAvailable(HttpParser.java:235)
	at org.eclipse.jetty.server.AsyncHttpConnection.handle(AsyncHttpConnection.java:82)
	at org.eclipse.jetty.io.nio.SelectChannelEndPoint.handle(SelectChannelEndPoint.java:628)
	at org.eclipse.jetty.io.nio.SelectChannelEndPoint$1.run(SelectChannelEndPoint.java:52)
	at org.eclipse.jetty.util.thread.QueuedThreadPool.runJob(QueuedThreadPool.java:608)
	at org.eclipse.jetty.util.thread.QueuedThreadPool$3.run(QueuedThreadPool.java:543)
	at java.lang.Thread.run(Thread.java:745)

2015-01-21 12:05:13
[ERROR]-[Thread: qtp1053255815-45]-[com.jfinal.core.ActionHandler.handle()]: /appServer/filelist
com.jfinal.render.RenderException: freemarker.core._TemplateModelException: Can't convert the date to string, because it's not known which parts of the date variable are in use.

Tip: Use ?time, ?date or ?datetime to tell FreeMarker which parts of the date is used.
Tip: For programmers: Use java.sql.Date/Time/Timestamp instead of java.util.Date in the data-model to avoid this ambiguity.

The failing instruction (print stack trace for 1 more):
==> ${x.time}  [in template "appServer/UploadFileList.html" at line 14, column 64]
	at com.jfinal.render.FreeMarkerRender.render(FreeMarkerRender.java:130)
	at com.jfinal.core.ActionHandler.handle(ActionHandler.java:92)
	at com.jfinal.core.JFinalFilter.doFilter(JFinalFilter.java:72)
	at org.eclipse.jetty.servlet.ServletHandler$CachedChain.doFilter(ServletHandler.java:1307)
	at com.alibaba.druid.support.http.WebStatFilter.doFilter(WebStatFilter.java:124)
	at org.eclipse.jetty.servlet.ServletHandler$CachedChain.doFilter(ServletHandler.java:1307)
	at org.eclipse.jetty.servlet.ServletHandler.doHandle(ServletHandler.java:453)
	at org.eclipse.jetty.server.handler.ScopedHandler.handle(ScopedHandler.java:137)
	at org.eclipse.jetty.security.SecurityHandler.handle(SecurityHandler.java:560)
	at org.eclipse.jetty.server.session.SessionHandler.doHandle(SessionHandler.java:231)
	at org.eclipse.jetty.server.handler.ContextHandler.doHandle(ContextHandler.java:1072)
	at org.eclipse.jetty.servlet.ServletHandler.doScope(ServletHandler.java:382)
	at org.eclipse.jetty.server.session.SessionHandler.doScope(SessionHandler.java:193)
	at org.eclipse.jetty.server.handler.ContextHandler.doScope(ContextHandler.java:1006)
	at org.eclipse.jetty.server.handler.ScopedHandler.handle(ScopedHandler.java:135)
	at org.eclipse.jetty.server.handler.HandlerWrapper.handle(HandlerWrapper.java:116)
	at org.eclipse.jetty.server.Server.handle(Server.java:365)
	at org.eclipse.jetty.server.AbstractHttpConnection.handleRequest(AbstractHttpConnection.java:485)
	at org.eclipse.jetty.server.AbstractHttpConnection.headerComplete(AbstractHttpConnection.java:926)
	at org.eclipse.jetty.server.AbstractHttpConnection$RequestHandler.headerComplete(AbstractHttpConnection.java:988)
	at org.eclipse.jetty.http.HttpParser.parseNext(HttpParser.java:635)
	at org.eclipse.jetty.http.HttpParser.parseAvailable(HttpParser.java:235)
	at org.eclipse.jetty.server.AsyncHttpConnection.handle(AsyncHttpConnection.java:82)
	at org.eclipse.jetty.io.nio.SelectChannelEndPoint.handle(SelectChannelEndPoint.java:628)
	at org.eclipse.jetty.io.nio.SelectChannelEndPoint$1.run(SelectChannelEndPoint.java:52)
	at org.eclipse.jetty.util.thread.QueuedThreadPool.runJob(QueuedThreadPool.java:608)
	at org.eclipse.jetty.util.thread.QueuedThreadPool$3.run(QueuedThreadPool.java:543)
	at java.lang.Thread.run(Thread.java:745)
Caused by: freemarker.core._TemplateModelException: Can't convert the date to string, because it's not known which parts of the date variable are in use.

Tip: Use ?time, ?date or ?datetime to tell FreeMarker which parts of the date is used.
Tip: For programmers: Use java.sql.Date/Time/Timestamp instead of java.util.Date in the data-model to avoid this ambiguity.

The failing instruction (print stack trace for 1 more):
==> ${x.time}  [in template "appServer/UploadFileList.html" at line 14, column 64]
	at freemarker.core.Environment.formatDate(Environment.java:918)
	at freemarker.core.EvalUtil.coerceModelToString(EvalUtil.java:374)
	at freemarker.core.Expression.evalAndCoerceToString(Expression.java:115)
	at freemarker.core.DollarVariable.accept(DollarVariable.java:76)
	at freemarker.core.Environment.visit(Environment.java:265)
	at freemarker.core.MixedContent.accept(MixedContent.java:93)
	at freemarker.core.Environment.visit(Environment.java:265)
	at freemarker.core.IteratorBlock$Context.runLoop(IteratorBlock.java:181)
	at freemarker.core.Environment.visitIteratorBlock(Environment.java:509)
	at freemarker.core.IteratorBlock.accept(IteratorBlock.java:103)
	at freemarker.core.Environment.visit(Environment.java:265)
	at freemarker.core.MixedContent.accept(MixedContent.java:93)
	at freemarker.core.Environment.visit(Environment.java:265)
	at freemarker.core.Environment.process(Environment.java:243)
	at freemarker.template.Template.process(Template.java:277)
	at com.jfinal.render.FreeMarkerRender.render(FreeMarkerRender.java:128)
	... 27 more
